<?xml version="1.0" encoding="UTF-8"?>
<coverage generated="1696875245101" clover="3.2.0">
  <project timestamp="1696875245101" name="All files">
    <metrics statements="80" coveredstatements="77" conditionals="44" coveredconditionals="40" methods="20" coveredmethods="20" elements="144" coveredelements="137" complexity="0" loc="80" ncloc="80" packages="2" files="7" classes="7"/>
    <package name="src">
      <metrics statements="14" coveredstatements="13" conditionals="5" coveredconditionals="4" methods="5" coveredmethods="5"/>
      <file name="genDiff.js" path="/home/ivan/Рабочий стол/Project2/frontend-project-46/src/genDiff.js">
        <metrics statements="9" coveredstatements="9" conditionals="1" coveredconditionals="1" methods="4" coveredmethods="4"/>
        <line num="9" count="16" type="stmt"/>
        <line num="10" count="16" type="stmt"/>
        <line num="11" count="16" type="stmt"/>
        <line num="13" count="1" type="cond" truecount="1" falsecount="0"/>
        <line num="14" count="8" type="stmt"/>
        <line num="15" count="8" type="stmt"/>
        <line num="17" count="8" type="stmt"/>
        <line num="18" count="8" type="stmt"/>
        <line num="20" count="8" type="stmt"/>
      </file>
      <file name="parsers.js" path="/home/ivan/Рабочий стол/Project2/frontend-project-46/src/parsers.js">
        <metrics statements="5" coveredstatements="4" conditionals="4" coveredconditionals="3" methods="1" coveredmethods="1"/>
        <line num="3" count="1" type="stmt"/>
        <line num="4" count="16" type="cond" truecount="3" falsecount="1"/>
        <line num="6" count="8" type="stmt"/>
        <line num="9" count="8" type="stmt"/>
        <line num="11" count="0" type="stmt"/>
      </file>
    </package>
    <package name="src.formaters">
      <metrics statements="66" coveredstatements="64" conditionals="39" coveredconditionals="36" methods="15" coveredmethods="15"/>
      <file name="diff.js" path="/home/ivan/Рабочий стол/Project2/frontend-project-46/src/formaters/diff.js">
        <metrics statements="14" coveredstatements="14" conditionals="10" coveredconditionals="10" methods="2" coveredmethods="2"/>
        <line num="3" count="1" type="stmt"/>
        <line num="4" count="32" type="stmt"/>
        <line num="5" count="32" type="stmt"/>
        <line num="7" count="32" type="stmt"/>
        <line num="8" count="118" type="cond" truecount="4" falsecount="0"/>
        <line num="9" count="24" type="stmt"/>
        <line num="12" count="94" type="cond" truecount="2" falsecount="0"/>
        <line num="13" count="32" type="stmt"/>
        <line num="16" count="62" type="cond" truecount="2" falsecount="0"/>
        <line num="17" count="16" type="stmt"/>
        <line num="20" count="46" type="cond" truecount="2" falsecount="0"/>
        <line num="21" count="26" type="stmt"/>
        <line num="26" count="20" type="stmt"/>
        <line num="29" count="32" type="stmt"/>
      </file>
      <file name="index.js" path="/home/ivan/Рабочий стол/Project2/frontend-project-46/src/formaters/index.js">
        <metrics statements="5" coveredstatements="4" conditionals="4" coveredconditionals="3" methods="1" coveredmethods="1"/>
        <line num="6" count="8" type="cond" truecount="3" falsecount="1"/>
        <line num="8" count="2" type="stmt"/>
        <line num="10" count="4" type="stmt"/>
        <line num="12" count="2" type="stmt"/>
        <line num="14" count="0" type="stmt"/>
      </file>
      <file name="json.js" path="/home/ivan/Рабочий стол/Project2/frontend-project-46/src/formaters/json.js">
        <metrics statements="1" coveredstatements="1" conditionals="0" coveredconditionals="0" methods="1" coveredmethods="1"/>
        <line num="1" count="2" type="stmt"/>
      </file>
      <file name="plain.js" path="/home/ivan/Рабочий стол/Project2/frontend-project-46/src/formaters/plain.js">
        <metrics statements="18" coveredstatements="17" conditionals="14" coveredconditionals="13" methods="5" coveredmethods="5"/>
        <line num="1" count="1" type="stmt"/>
        <line num="2" count="26" type="cond" truecount="4" falsecount="0"/>
        <line num="3" count="6" type="stmt"/>
        <line num="5" count="20" type="cond" truecount="2" falsecount="0"/>
        <line num="6" count="14" type="stmt"/>
        <line num="8" count="6" type="stmt"/>
        <line num="10" count="1" type="cond" truecount="1" falsecount="0"/>
        <line num="11" count="10" type="stmt"/>
        <line num="12" count="36" type="stmt"/>
        <line num="14" count="30" type="cond" truecount="2" falsecount="0"/>
        <line num="15" count="30" type="cond" truecount="4" falsecount="1"/>
        <line num="17" count="8" type="stmt"/>
        <line num="19" count="4" type="stmt"/>
        <line num="21" count="10" type="stmt"/>
        <line num="23" count="8" type="stmt"/>
        <line num="25" count="0" type="stmt"/>
        <line num="29" count="10" type="stmt"/>
        <line num="31" count="2" type="stmt"/>
      </file>
      <file name="stylish.js" path="/home/ivan/Рабочий стол/Project2/frontend-project-46/src/formaters/stylish.js">
        <metrics statements="28" coveredstatements="28" conditionals="11" coveredconditionals="10" methods="6" coveredmethods="6"/>
        <line num="1" count="1" type="cond" truecount="1" falsecount="0"/>
        <line num="2" count="150" type="stmt"/>
        <line num="3" count="150" type="stmt"/>
        <line num="4" count="150" type="stmt"/>
        <line num="5" count="150" type="stmt"/>
        <line num="6" count="150" type="stmt"/>
        <line num="7" count="150" type="stmt"/>
        <line num="10" count="1" type="stmt"/>
        <line num="11" count="138" type="stmt"/>
        <line num="13" count="138" type="cond" truecount="4" falsecount="0"/>
        <line num="14" count="124" type="stmt"/>
        <line num="17" count="14" type="stmt"/>
        <line num="18" count="18" type="stmt"/>
        <line num="20" count="14" type="stmt"/>
        <line num="27" count="1" type="stmt"/>
        <line num="28" count="12" type="stmt"/>
        <line num="30" count="12" type="stmt"/>
        <line num="31" count="46" type="stmt"/>
        <line num="32" count="46" type="stmt"/>
        <line num="33" count="46" type="stmt"/>
        <line num="35" count="46" type="cond" truecount="5" falsecount="0"/>
        <line num="37" count="8" type="stmt"/>
        <line num="39" count="8" type="stmt"/>
        <line num="41" count="12" type="stmt"/>
        <line num="43" count="10" type="stmt"/>
        <line num="45" count="8" type="stmt"/>
        <line num="49" count="12" type="stmt"/>
        <line num="56" count="4" type="cond" truecount="0" falsecount="1"/>
      </file>
    </package>
  </project>
</coverage>
