{"/home/ivan/Рабочий стол/Project2/frontend-project-46/src/genDiff.js": {"path":"/home/ivan/Рабочий стол/Project2/frontend-project-46/src/genDiff.js","all":false,"statementMap":{"0":{"start":{"line":1,"column":0},"end":{"line":1,"column":0}},"1":{"start":{"line":2,"column":0},"end":{"line":2,"column":0}},"2":{"start":{"line":3,"column":0},"end":{"line":3,"column":20}},"3":{"start":{"line":4,"column":0},"end":{"line":4,"column":24}},"4":{"start":{"line":5,"column":0},"end":{"line":5,"column":35}},"5":{"start":{"line":6,"column":0},"end":{"line":6,"column":39}},"6":{"start":{"line":7,"column":0},"end":{"line":7,"column":46}},"7":{"start":{"line":8,"column":0},"end":{"line":8,"column":0}},"8":{"start":{"line":9,"column":0},"end":{"line":9,"column":80}},"9":{"start":{"line":10,"column":0},"end":{"line":10,"column":66}},"10":{"start":{"line":11,"column":0},"end":{"line":11,"column":55}},"11":{"start":{"line":12,"column":0},"end":{"line":12,"column":0}},"12":{"start":{"line":13,"column":0},"end":{"line":13,"column":67}},"13":{"start":{"line":14,"column":0},"end":{"line":14,"column":57}},"14":{"start":{"line":15,"column":0},"end":{"line":15,"column":57}},"15":{"start":{"line":16,"column":0},"end":{"line":16,"column":0}},"16":{"start":{"line":17,"column":0},"end":{"line":17,"column":52}},"17":{"start":{"line":18,"column":0},"end":{"line":18,"column":52}},"18":{"start":{"line":19,"column":0},"end":{"line":19,"column":0}},"19":{"start":{"line":20,"column":0},"end":{"line":20,"column":50}},"20":{"start":{"line":21,"column":0},"end":{"line":21,"column":2}},"21":{"start":{"line":22,"column":0},"end":{"line":22,"column":0}},"22":{"start":{"line":23,"column":0},"end":{"line":23,"column":23}}},"s":{"0":1,"1":1,"2":1,"3":1,"4":1,"5":1,"6":1,"7":1,"8":1,"9":1,"10":1,"11":1,"12":1,"13":8,"14":8,"15":8,"16":8,"17":8,"18":8,"19":8,"20":8,"21":1,"22":1},"branchMap":{"0":{"type":"branch","line":9,"loc":{"start":{"line":9,"column":29},"end":{"line":9,"column":79}},"locations":[{"start":{"line":9,"column":29},"end":{"line":9,"column":79}}]},"1":{"type":"branch","line":10,"loc":{"start":{"line":10,"column":18},"end":{"line":10,"column":65}},"locations":[{"start":{"line":10,"column":18},"end":{"line":10,"column":65}}]},"2":{"type":"branch","line":11,"loc":{"start":{"line":11,"column":19},"end":{"line":11,"column":54}},"locations":[{"start":{"line":11,"column":19},"end":{"line":11,"column":54}}]},"3":{"type":"branch","line":13,"loc":{"start":{"line":13,"column":16},"end":{"line":21,"column":2}},"locations":[{"start":{"line":13,"column":16},"end":{"line":21,"column":2}}]}},"b":{"0":[16],"1":[16],"2":[16],"3":[8]},"fnMap":{"0":{"name":"getAbsoluteFilePath","decl":{"start":{"line":9,"column":29},"end":{"line":9,"column":79}},"loc":{"start":{"line":9,"column":29},"end":{"line":9,"column":79}},"line":9},"1":{"name":"readFile","decl":{"start":{"line":10,"column":18},"end":{"line":10,"column":65}},"loc":{"start":{"line":10,"column":18},"end":{"line":10,"column":65}},"line":10},"2":{"name":"getFormat","decl":{"start":{"line":11,"column":19},"end":{"line":11,"column":54}},"loc":{"start":{"line":11,"column":19},"end":{"line":11,"column":54}},"line":11},"3":{"name":"genDiff","decl":{"start":{"line":13,"column":16},"end":{"line":21,"column":2}},"loc":{"start":{"line":13,"column":16},"end":{"line":21,"column":2}},"line":13}},"f":{"0":16,"1":16,"2":16,"3":8}}
,"/home/ivan/Рабочий стол/Project2/frontend-project-46/src/parsers.js": {"path":"/home/ivan/Рабочий стол/Project2/frontend-project-46/src/parsers.js","all":false,"statementMap":{"0":{"start":{"line":1,"column":0},"end":{"line":1,"column":27}},"1":{"start":{"line":2,"column":0},"end":{"line":2,"column":0}},"2":{"start":{"line":3,"column":0},"end":{"line":3,"column":41}},"3":{"start":{"line":4,"column":0},"end":{"line":4,"column":25}},"4":{"start":{"line":5,"column":0},"end":{"line":5,"column":17}},"5":{"start":{"line":6,"column":0},"end":{"line":6,"column":30}},"6":{"start":{"line":7,"column":0},"end":{"line":7,"column":16}},"7":{"start":{"line":8,"column":0},"end":{"line":8,"column":17}},"8":{"start":{"line":9,"column":0},"end":{"line":9,"column":29}},"9":{"start":{"line":10,"column":0},"end":{"line":10,"column":12}},"10":{"start":{"line":11,"column":0},"end":{"line":11,"column":46}},"11":{"start":{"line":12,"column":0},"end":{"line":12,"column":3}},"12":{"start":{"line":13,"column":0},"end":{"line":13,"column":2}},"13":{"start":{"line":14,"column":0},"end":{"line":14,"column":0}},"14":{"start":{"line":15,"column":0},"end":{"line":15,"column":23}}},"s":{"0":1,"1":1,"2":1,"3":16,"4":16,"5":8,"6":16,"7":16,"8":8,"9":16,"10":0,"11":16,"12":16,"13":1,"14":1},"branchMap":{"0":{"type":"branch","line":3,"loc":{"start":{"line":3,"column":16},"end":{"line":13,"column":2}},"locations":[{"start":{"line":3,"column":16},"end":{"line":13,"column":2}}]},"1":{"type":"branch","line":5,"loc":{"start":{"line":5,"column":4},"end":{"line":6,"column":30}},"locations":[{"start":{"line":5,"column":4},"end":{"line":6,"column":30}}]},"2":{"type":"branch","line":7,"loc":{"start":{"line":7,"column":4},"end":{"line":7,"column":16}},"locations":[{"start":{"line":7,"column":4},"end":{"line":7,"column":16}}]},"3":{"type":"branch","line":8,"loc":{"start":{"line":8,"column":4},"end":{"line":9,"column":29}},"locations":[{"start":{"line":8,"column":4},"end":{"line":9,"column":29}}]},"4":{"type":"branch","line":10,"loc":{"start":{"line":10,"column":4},"end":{"line":11,"column":46}},"locations":[{"start":{"line":10,"column":4},"end":{"line":11,"column":46}}]}},"b":{"0":[16],"1":[8],"2":[2],"3":[8],"4":[0]},"fnMap":{"0":{"name":"parsers","decl":{"start":{"line":3,"column":16},"end":{"line":13,"column":2}},"loc":{"start":{"line":3,"column":16},"end":{"line":13,"column":2}},"line":3}},"f":{"0":16}}
,"/home/ivan/Рабочий стол/Project2/frontend-project-46/src/formaters/diff.js": {"path":"/home/ivan/Рабочий стол/Project2/frontend-project-46/src/formaters/diff.js","all":false,"statementMap":{"0":{"start":{"line":1,"column":0},"end":{"line":1,"column":23}},"1":{"start":{"line":2,"column":0},"end":{"line":2,"column":0}},"2":{"start":{"line":3,"column":0},"end":{"line":3,"column":32}},"3":{"start":{"line":4,"column":0},"end":{"line":4,"column":63}},"4":{"start":{"line":5,"column":0},"end":{"line":5,"column":36}},"5":{"start":{"line":6,"column":0},"end":{"line":6,"column":0}},"6":{"start":{"line":7,"column":0},"end":{"line":7,"column":42}},"7":{"start":{"line":8,"column":0},"end":{"line":8,"column":59}},"8":{"start":{"line":9,"column":0},"end":{"line":9,"column":77}},"9":{"start":{"line":10,"column":0},"end":{"line":10,"column":5}},"10":{"start":{"line":11,"column":0},"end":{"line":11,"column":0}},"11":{"start":{"line":12,"column":0},"end":{"line":12,"column":60}},"12":{"start":{"line":13,"column":0},"end":{"line":13,"column":55}},"13":{"start":{"line":14,"column":0},"end":{"line":14,"column":5}},"14":{"start":{"line":15,"column":0},"end":{"line":15,"column":0}},"15":{"start":{"line":16,"column":0},"end":{"line":16,"column":60}},"16":{"start":{"line":17,"column":0},"end":{"line":17,"column":57}},"17":{"start":{"line":18,"column":0},"end":{"line":18,"column":5}},"18":{"start":{"line":19,"column":0},"end":{"line":19,"column":0}},"19":{"start":{"line":20,"column":0},"end":{"line":20,"column":36}},"20":{"start":{"line":21,"column":0},"end":{"line":21,"column":14}},"21":{"start":{"line":22,"column":0},"end":{"line":22,"column":69}},"22":{"start":{"line":23,"column":0},"end":{"line":23,"column":8}},"23":{"start":{"line":24,"column":0},"end":{"line":24,"column":5}},"24":{"start":{"line":25,"column":0},"end":{"line":25,"column":0}},"25":{"start":{"line":26,"column":0},"end":{"line":26,"column":57}},"26":{"start":{"line":27,"column":0},"end":{"line":27,"column":5}},"27":{"start":{"line":28,"column":0},"end":{"line":28,"column":0}},"28":{"start":{"line":29,"column":0},"end":{"line":29,"column":16}},"29":{"start":{"line":30,"column":0},"end":{"line":30,"column":2}},"30":{"start":{"line":31,"column":0},"end":{"line":31,"column":0}},"31":{"start":{"line":32,"column":0},"end":{"line":32,"column":20}}},"s":{"0":1,"1":1,"2":1,"3":32,"4":32,"5":32,"6":32,"7":118,"8":24,"9":24,"10":94,"11":118,"12":32,"13":32,"14":62,"15":118,"16":16,"17":16,"18":46,"19":118,"20":26,"21":26,"22":26,"23":26,"24":20,"25":20,"26":32,"27":32,"28":32,"29":32,"30":1,"31":1},"branchMap":{"0":{"type":"branch","line":3,"loc":{"start":{"line":3,"column":13},"end":{"line":30,"column":2}},"locations":[{"start":{"line":3,"column":13},"end":{"line":30,"column":2}}]},"1":{"type":"branch","line":7,"loc":{"start":{"line":7,"column":33},"end":{"line":27,"column":3}},"locations":[{"start":{"line":7,"column":33},"end":{"line":27,"column":3}}]},"2":{"type":"branch","line":8,"loc":{"start":{"line":8,"column":30},"end":{"line":8,"column":56}},"locations":[{"start":{"line":8,"column":30},"end":{"line":8,"column":56}}]},"3":{"type":"branch","line":8,"loc":{"start":{"line":8,"column":58},"end":{"line":10,"column":5}},"locations":[{"start":{"line":8,"column":58},"end":{"line":10,"column":5}}]},"4":{"type":"branch","line":10,"loc":{"start":{"line":10,"column":4},"end":{"line":12,"column":59}},"locations":[{"start":{"line":10,"column":4},"end":{"line":12,"column":59}}]},"5":{"type":"branch","line":12,"loc":{"start":{"line":12,"column":59},"end":{"line":14,"column":5}},"locations":[{"start":{"line":12,"column":59},"end":{"line":14,"column":5}}]},"6":{"type":"branch","line":14,"loc":{"start":{"line":14,"column":4},"end":{"line":16,"column":59}},"locations":[{"start":{"line":14,"column":4},"end":{"line":16,"column":59}}]},"7":{"type":"branch","line":16,"loc":{"start":{"line":16,"column":59},"end":{"line":18,"column":5}},"locations":[{"start":{"line":16,"column":59},"end":{"line":18,"column":5}}]},"8":{"type":"branch","line":18,"loc":{"start":{"line":18,"column":4},"end":{"line":20,"column":35}},"locations":[{"start":{"line":18,"column":4},"end":{"line":20,"column":35}}]},"9":{"type":"branch","line":20,"loc":{"start":{"line":20,"column":35},"end":{"line":24,"column":5}},"locations":[{"start":{"line":20,"column":35},"end":{"line":24,"column":5}}]},"10":{"type":"branch","line":24,"loc":{"start":{"line":24,"column":4},"end":{"line":27,"column":3}},"locations":[{"start":{"line":24,"column":4},"end":{"line":27,"column":3}}]}},"b":{"0":[32],"1":[118],"2":[36],"3":[24],"4":[94],"5":[32],"6":[62],"7":[16],"8":[46],"9":[26],"10":[20]},"fnMap":{"0":{"name":"diff","decl":{"start":{"line":3,"column":13},"end":{"line":30,"column":2}},"loc":{"start":{"line":3,"column":13},"end":{"line":30,"column":2}},"line":3}},"f":{"0":32}}
,"/home/ivan/Рабочий стол/Project2/frontend-project-46/src/formaters/index.js": {"path":"/home/ivan/Рабочий стол/Project2/frontend-project-46/src/formaters/index.js","all":false,"statementMap":{"0":{"start":{"line":1,"column":0},"end":{"line":1,"column":35}},"1":{"start":{"line":2,"column":0},"end":{"line":2,"column":31}},"2":{"start":{"line":3,"column":0},"end":{"line":3,"column":29}},"3":{"start":{"line":4,"column":0},"end":{"line":4,"column":0}},"4":{"start":{"line":5,"column":0},"end":{"line":5,"column":34}},"5":{"start":{"line":6,"column":0},"end":{"line":6,"column":19}},"6":{"start":{"line":7,"column":0},"end":{"line":7,"column":17}},"7":{"start":{"line":8,"column":0},"end":{"line":8,"column":25}},"8":{"start":{"line":9,"column":0},"end":{"line":9,"column":19}},"9":{"start":{"line":10,"column":0},"end":{"line":10,"column":30}},"10":{"start":{"line":11,"column":0},"end":{"line":11,"column":16}},"11":{"start":{"line":12,"column":0},"end":{"line":12,"column":24}},"12":{"start":{"line":13,"column":0},"end":{"line":13,"column":12}},"13":{"start":{"line":14,"column":0},"end":{"line":14,"column":41}},"14":{"start":{"line":15,"column":0},"end":{"line":15,"column":3}},"15":{"start":{"line":16,"column":0},"end":{"line":16,"column":2}}},"s":{"0":1,"1":1,"2":1,"3":1,"4":1,"5":8,"6":8,"7":2,"8":8,"9":4,"10":8,"11":2,"12":8,"13":0,"14":8,"15":8},"branchMap":{"0":{"type":"branch","line":5,"loc":{"start":{"line":5,"column":15},"end":{"line":16,"column":2}},"locations":[{"start":{"line":5,"column":15},"end":{"line":16,"column":2}}]},"1":{"type":"branch","line":7,"loc":{"start":{"line":7,"column":4},"end":{"line":8,"column":25}},"locations":[{"start":{"line":7,"column":4},"end":{"line":8,"column":25}}]},"2":{"type":"branch","line":9,"loc":{"start":{"line":9,"column":4},"end":{"line":10,"column":30}},"locations":[{"start":{"line":9,"column":4},"end":{"line":10,"column":30}}]},"3":{"type":"branch","line":11,"loc":{"start":{"line":11,"column":4},"end":{"line":12,"column":24}},"locations":[{"start":{"line":11,"column":4},"end":{"line":12,"column":24}}]},"4":{"type":"branch","line":13,"loc":{"start":{"line":13,"column":4},"end":{"line":14,"column":41}},"locations":[{"start":{"line":13,"column":4},"end":{"line":14,"column":41}}]}},"b":{"0":[8],"1":[2],"2":[4],"3":[2],"4":[0]},"fnMap":{"0":{"name":"default","decl":{"start":{"line":5,"column":15},"end":{"line":16,"column":2}},"loc":{"start":{"line":5,"column":15},"end":{"line":16,"column":2}},"line":5}},"f":{"0":8}}
,"/home/ivan/Рабочий стол/Project2/frontend-project-46/src/formaters/json.js": {"path":"/home/ivan/Рабочий стол/Project2/frontend-project-46/src/formaters/json.js","all":false,"statementMap":{"0":{"start":{"line":1,"column":0},"end":{"line":1,"column":55}}},"s":{"0":1},"branchMap":{"0":{"type":"branch","line":1,"loc":{"start":{"line":1,"column":16},"end":{"line":1,"column":54}},"locations":[{"start":{"line":1,"column":16},"end":{"line":1,"column":54}}]}},"b":{"0":[2]},"fnMap":{"0":{"name":"default","decl":{"start":{"line":1,"column":16},"end":{"line":1,"column":54}},"loc":{"start":{"line":1,"column":16},"end":{"line":1,"column":54}},"line":1}},"f":{"0":2}}
,"/home/ivan/Рабочий стол/Project2/frontend-project-46/src/formaters/plain.js": {"path":"/home/ivan/Рабочий стол/Project2/frontend-project-46/src/formaters/plain.js","all":false,"statementMap":{"0":{"start":{"line":1,"column":0},"end":{"line":1,"column":32}},"1":{"start":{"line":2,"column":0},"end":{"line":2,"column":52}},"2":{"start":{"line":3,"column":0},"end":{"line":3,"column":29}},"3":{"start":{"line":4,"column":0},"end":{"line":4,"column":3}},"4":{"start":{"line":5,"column":0},"end":{"line":5,"column":34}},"5":{"start":{"line":6,"column":0},"end":{"line":6,"column":24}},"6":{"start":{"line":7,"column":0},"end":{"line":7,"column":3}},"7":{"start":{"line":8,"column":0},"end":{"line":8,"column":15}},"8":{"start":{"line":9,"column":0},"end":{"line":9,"column":2}},"9":{"start":{"line":10,"column":0},"end":{"line":10,"column":42}},"10":{"start":{"line":11,"column":0},"end":{"line":11,"column":20}},"11":{"start":{"line":12,"column":0},"end":{"line":12,"column":48}},"12":{"start":{"line":13,"column":0},"end":{"line":13,"column":20}},"13":{"start":{"line":14,"column":0},"end":{"line":14,"column":63}},"14":{"start":{"line":15,"column":0},"end":{"line":15,"column":26}},"15":{"start":{"line":16,"column":0},"end":{"line":16,"column":22}},"16":{"start":{"line":17,"column":0},"end":{"line":17,"column":54}},"17":{"start":{"line":18,"column":0},"end":{"line":18,"column":23}},"18":{"start":{"line":19,"column":0},"end":{"line":19,"column":54}},"19":{"start":{"line":20,"column":0},"end":{"line":20,"column":21}},"20":{"start":{"line":21,"column":0},"end":{"line":21,"column":91}},"21":{"start":{"line":22,"column":0},"end":{"line":22,"column":23}},"22":{"start":{"line":23,"column":0},"end":{"line":23,"column":119}},"23":{"start":{"line":24,"column":0},"end":{"line":24,"column":16}},"24":{"start":{"line":25,"column":0},"end":{"line":25,"column":56}},"25":{"start":{"line":26,"column":0},"end":{"line":26,"column":7}},"26":{"start":{"line":27,"column":0},"end":{"line":27,"column":7}},"27":{"start":{"line":28,"column":0},"end":{"line":28,"column":0}},"28":{"start":{"line":29,"column":0},"end":{"line":29,"column":26}},"29":{"start":{"line":30,"column":0},"end":{"line":30,"column":2}},"30":{"start":{"line":31,"column":0},"end":{"line":31,"column":42}},"31":{"start":{"line":32,"column":0},"end":{"line":32,"column":0}},"32":{"start":{"line":33,"column":0},"end":{"line":33,"column":21}}},"s":{"0":1,"1":26,"2":6,"3":6,"4":26,"5":14,"6":14,"7":6,"8":6,"9":1,"10":10,"11":10,"12":10,"13":30,"14":30,"15":30,"16":8,"17":30,"18":4,"19":30,"20":10,"21":30,"22":8,"23":30,"24":0,"25":30,"26":10,"27":10,"28":10,"29":10,"30":1,"31":1,"32":1},"branchMap":{"0":{"type":"branch","line":1,"loc":{"start":{"line":1,"column":21},"end":{"line":9,"column":2}},"locations":[{"start":{"line":1,"column":21},"end":{"line":9,"column":2}}]},"1":{"type":"branch","line":2,"loc":{"start":{"line":2,"column":31},"end":{"line":2,"column":49}},"locations":[{"start":{"line":2,"column":31},"end":{"line":2,"column":49}}]},"2":{"type":"branch","line":2,"loc":{"start":{"line":2,"column":51},"end":{"line":4,"column":3}},"locations":[{"start":{"line":2,"column":51},"end":{"line":4,"column":3}}]},"3":{"type":"branch","line":4,"loc":{"start":{"line":4,"column":2},"end":{"line":5,"column":33}},"locations":[{"start":{"line":4,"column":2},"end":{"line":5,"column":33}}]},"4":{"type":"branch","line":5,"loc":{"start":{"line":5,"column":33},"end":{"line":7,"column":3}},"locations":[{"start":{"line":5,"column":33},"end":{"line":7,"column":3}}]},"5":{"type":"branch","line":7,"loc":{"start":{"line":7,"column":2},"end":{"line":9,"column":2}},"locations":[{"start":{"line":7,"column":2},"end":{"line":9,"column":2}}]},"6":{"type":"branch","line":10,"loc":{"start":{"line":10,"column":20},"end":{"line":30,"column":2}},"locations":[{"start":{"line":10,"column":20},"end":{"line":30,"column":2}}]},"7":{"type":"branch","line":12,"loc":{"start":{"line":12,"column":13},"end":{"line":12,"column":47}},"locations":[{"start":{"line":12,"column":13},"end":{"line":12,"column":47}}]},"8":{"type":"branch","line":13,"loc":{"start":{"line":13,"column":10},"end":{"line":27,"column":5}},"locations":[{"start":{"line":13,"column":10},"end":{"line":27,"column":5}}]},"9":{"type":"branch","line":14,"loc":{"start":{"line":14,"column":27},"end":{"line":14,"column":51}},"locations":[{"start":{"line":14,"column":27},"end":{"line":14,"column":51}}]},"10":{"type":"branch","line":14,"loc":{"start":{"line":14,"column":51},"end":{"line":14,"column":62}},"locations":[{"start":{"line":14,"column":51},"end":{"line":14,"column":62}}]},"11":{"type":"branch","line":16,"loc":{"start":{"line":16,"column":8},"end":{"line":17,"column":54}},"locations":[{"start":{"line":16,"column":8},"end":{"line":17,"column":54}}]},"12":{"type":"branch","line":18,"loc":{"start":{"line":18,"column":8},"end":{"line":19,"column":54}},"locations":[{"start":{"line":18,"column":8},"end":{"line":19,"column":54}}]},"13":{"type":"branch","line":20,"loc":{"start":{"line":20,"column":8},"end":{"line":21,"column":91}},"locations":[{"start":{"line":20,"column":8},"end":{"line":21,"column":91}}]},"14":{"type":"branch","line":22,"loc":{"start":{"line":22,"column":8},"end":{"line":23,"column":119}},"locations":[{"start":{"line":22,"column":8},"end":{"line":23,"column":119}}]},"15":{"type":"branch","line":24,"loc":{"start":{"line":24,"column":8},"end":{"line":25,"column":56}},"locations":[{"start":{"line":24,"column":8},"end":{"line":25,"column":56}}]},"16":{"type":"branch","line":31,"loc":{"start":{"line":31,"column":15},"end":{"line":31,"column":41}},"locations":[{"start":{"line":31,"column":15},"end":{"line":31,"column":41}}]}},"b":{"0":[26],"1":[8],"2":[6],"3":[20],"4":[14],"5":[6],"6":[10],"7":[36],"8":[30],"9":[22],"10":[8],"11":[8],"12":[4],"13":[10],"14":[8],"15":[0],"16":[2]},"fnMap":{"0":{"name":"formatValue","decl":{"start":{"line":1,"column":21},"end":{"line":9,"column":2}},"loc":{"start":{"line":1,"column":21},"end":{"line":9,"column":2}},"line":1},"1":{"name":"renderPlain","decl":{"start":{"line":10,"column":20},"end":{"line":30,"column":2}},"loc":{"start":{"line":10,"column":20},"end":{"line":30,"column":2}},"line":10},"2":{"name":"plain","decl":{"start":{"line":31,"column":15},"end":{"line":31,"column":41}},"loc":{"start":{"line":31,"column":15},"end":{"line":31,"column":41}},"line":31}},"f":{"0":26,"1":10,"2":2}}
,"/home/ivan/Рабочий стол/Project2/frontend-project-46/src/formaters/stylish.js": {"path":"/home/ivan/Рабочий стол/Project2/frontend-project-46/src/formaters/stylish.js","all":false,"statementMap":{"0":{"start":{"line":1,"column":0},"end":{"line":1,"column":47}},"1":{"start":{"line":2,"column":0},"end":{"line":2,"column":24}},"2":{"start":{"line":3,"column":0},"end":{"line":3,"column":24}},"3":{"start":{"line":4,"column":0},"end":{"line":4,"column":41}},"4":{"start":{"line":5,"column":0},"end":{"line":5,"column":59}},"5":{"start":{"line":6,"column":0},"end":{"line":6,"column":66}},"6":{"start":{"line":7,"column":0},"end":{"line":7,"column":35}},"7":{"start":{"line":8,"column":0},"end":{"line":8,"column":2}},"8":{"start":{"line":9,"column":0},"end":{"line":9,"column":0}},"9":{"start":{"line":10,"column":0},"end":{"line":10,"column":37}},"10":{"start":{"line":11,"column":0},"end":{"line":11,"column":53}},"11":{"start":{"line":12,"column":0},"end":{"line":12,"column":0}},"12":{"start":{"line":13,"column":0},"end":{"line":13,"column":52}},"13":{"start":{"line":14,"column":0},"end":{"line":14,"column":22}},"14":{"start":{"line":15,"column":0},"end":{"line":15,"column":3}},"15":{"start":{"line":16,"column":0},"end":{"line":16,"column":0}},"16":{"start":{"line":17,"column":0},"end":{"line":17,"column":37}},"17":{"start":{"line":18,"column":0},"end":{"line":18,"column":74}},"18":{"start":{"line":19,"column":0},"end":{"line":19,"column":0}},"19":{"start":{"line":20,"column":0},"end":{"line":20,"column":10}},"20":{"start":{"line":21,"column":0},"end":{"line":21,"column":8}},"21":{"start":{"line":22,"column":0},"end":{"line":22,"column":13}},"22":{"start":{"line":23,"column":0},"end":{"line":23,"column":24}},"23":{"start":{"line":24,"column":0},"end":{"line":24,"column":15}},"24":{"start":{"line":25,"column":0},"end":{"line":25,"column":2}},"25":{"start":{"line":26,"column":0},"end":{"line":26,"column":0}},"26":{"start":{"line":27,"column":0},"end":{"line":27,"column":31}},"27":{"start":{"line":28,"column":0},"end":{"line":28,"column":56}},"28":{"start":{"line":29,"column":0},"end":{"line":29,"column":0}},"29":{"start":{"line":30,"column":0},"end":{"line":30,"column":37}},"30":{"start":{"line":31,"column":0},"end":{"line":31,"column":38}},"31":{"start":{"line":32,"column":0},"end":{"line":32,"column":55}},"32":{"start":{"line":33,"column":0},"end":{"line":33,"column":55}},"33":{"start":{"line":34,"column":0},"end":{"line":34,"column":0}},"34":{"start":{"line":35,"column":0},"end":{"line":35,"column":19}},"35":{"start":{"line":36,"column":0},"end":{"line":36,"column":20}},"36":{"start":{"line":37,"column":0},"end":{"line":37,"column":70}},"37":{"start":{"line":38,"column":0},"end":{"line":38,"column":21}},"38":{"start":{"line":39,"column":0},"end":{"line":39,"column":67}},"39":{"start":{"line":40,"column":0},"end":{"line":40,"column":19}},"40":{"start":{"line":41,"column":0},"end":{"line":41,"column":67}},"41":{"start":{"line":42,"column":0},"end":{"line":42,"column":21}},"42":{"start":{"line":43,"column":0},"end":{"line":43,"column":80}},"43":{"start":{"line":44,"column":0},"end":{"line":44,"column":14}},"44":{"start":{"line":45,"column":0},"end":{"line":45,"column":67}},"45":{"start":{"line":46,"column":0},"end":{"line":46,"column":5}},"46":{"start":{"line":47,"column":0},"end":{"line":47,"column":5}},"47":{"start":{"line":48,"column":0},"end":{"line":48,"column":0}},"48":{"start":{"line":49,"column":0},"end":{"line":49,"column":10}},"49":{"start":{"line":50,"column":0},"end":{"line":50,"column":8}},"50":{"start":{"line":51,"column":0},"end":{"line":51,"column":14}},"51":{"start":{"line":52,"column":0},"end":{"line":52,"column":24}},"52":{"start":{"line":53,"column":0},"end":{"line":53,"column":15}},"53":{"start":{"line":54,"column":0},"end":{"line":54,"column":2}},"54":{"start":{"line":55,"column":0},"end":{"line":55,"column":0}},"55":{"start":{"line":56,"column":0},"end":{"line":56,"column":55}},"56":{"start":{"line":57,"column":0},"end":{"line":57,"column":0}},"57":{"start":{"line":58,"column":0},"end":{"line":58,"column":23}}},"s":{"0":1,"1":150,"2":150,"3":150,"4":150,"5":150,"6":150,"7":150,"8":1,"9":1,"10":138,"11":138,"12":138,"13":124,"14":124,"15":14,"16":14,"17":14,"18":14,"19":14,"20":14,"21":14,"22":14,"23":14,"24":14,"25":1,"26":1,"27":12,"28":12,"29":12,"30":46,"31":46,"32":46,"33":46,"34":46,"35":46,"36":8,"37":46,"38":8,"39":46,"40":12,"41":46,"42":10,"43":46,"44":8,"45":46,"46":12,"47":12,"48":12,"49":12,"50":12,"51":12,"52":12,"53":12,"54":1,"55":1,"56":1,"57":1},"branchMap":{"0":{"type":"branch","line":1,"loc":{"start":{"line":1,"column":18},"end":{"line":8,"column":2}},"locations":[{"start":{"line":1,"column":18},"end":{"line":8,"column":2}}]},"1":{"type":"branch","line":10,"loc":{"start":{"line":10,"column":18},"end":{"line":25,"column":2}},"locations":[{"start":{"line":10,"column":18},"end":{"line":25,"column":2}}]},"2":{"type":"branch","line":13,"loc":{"start":{"line":13,"column":31},"end":{"line":13,"column":49}},"locations":[{"start":{"line":13,"column":31},"end":{"line":13,"column":49}}]},"3":{"type":"branch","line":13,"loc":{"start":{"line":13,"column":51},"end":{"line":15,"column":3}},"locations":[{"start":{"line":13,"column":51},"end":{"line":15,"column":3}}]},"4":{"type":"branch","line":15,"loc":{"start":{"line":15,"column":2},"end":{"line":25,"column":2}},"locations":[{"start":{"line":15,"column":2},"end":{"line":25,"column":2}}]},"5":{"type":"branch","line":18,"loc":{"start":{"line":18,"column":9},"end":{"line":18,"column":72}},"locations":[{"start":{"line":18,"column":9},"end":{"line":18,"column":72}}]},"6":{"type":"branch","line":27,"loc":{"start":{"line":27,"column":13},"end":{"line":54,"column":2}},"locations":[{"start":{"line":27,"column":13},"end":{"line":54,"column":2}}]},"7":{"type":"branch","line":30,"loc":{"start":{"line":30,"column":27},"end":{"line":47,"column":3}},"locations":[{"start":{"line":30,"column":27},"end":{"line":47,"column":3}}]},"8":{"type":"branch","line":36,"loc":{"start":{"line":36,"column":6},"end":{"line":37,"column":70}},"locations":[{"start":{"line":36,"column":6},"end":{"line":37,"column":70}}]},"9":{"type":"branch","line":38,"loc":{"start":{"line":38,"column":6},"end":{"line":39,"column":67}},"locations":[{"start":{"line":38,"column":6},"end":{"line":39,"column":67}}]},"10":{"type":"branch","line":40,"loc":{"start":{"line":40,"column":6},"end":{"line":41,"column":67}},"locations":[{"start":{"line":40,"column":6},"end":{"line":41,"column":67}}]},"11":{"type":"branch","line":42,"loc":{"start":{"line":42,"column":6},"end":{"line":43,"column":80}},"locations":[{"start":{"line":42,"column":6},"end":{"line":43,"column":80}}]},"12":{"type":"branch","line":44,"loc":{"start":{"line":44,"column":6},"end":{"line":45,"column":67}},"locations":[{"start":{"line":44,"column":6},"end":{"line":45,"column":67}}]},"13":{"type":"branch","line":56,"loc":{"start":{"line":56,"column":16},"end":{"line":56,"column":54}},"locations":[{"start":{"line":56,"column":16},"end":{"line":56,"column":54}}]}},"b":{"0":[150],"1":[138],"2":[16],"3":[124],"4":[14],"5":[18],"6":[12],"7":[46],"8":[8],"9":[8],"10":[12],"11":[10],"12":[8],"13":[4]},"fnMap":{"0":{"name":"getIndent","decl":{"start":{"line":1,"column":18},"end":{"line":8,"column":2}},"loc":{"start":{"line":1,"column":18},"end":{"line":8,"column":2}},"line":1},"1":{"name":"stringify","decl":{"start":{"line":10,"column":18},"end":{"line":25,"column":2}},"loc":{"start":{"line":10,"column":18},"end":{"line":25,"column":2}},"line":10},"2":{"name":"iter","decl":{"start":{"line":27,"column":13},"end":{"line":54,"column":2}},"loc":{"start":{"line":27,"column":13},"end":{"line":54,"column":2}},"line":27},"3":{"name":"stylish","decl":{"start":{"line":56,"column":16},"end":{"line":56,"column":54}},"loc":{"start":{"line":56,"column":16},"end":{"line":56,"column":54}},"line":56}},"f":{"0":150,"1":138,"2":12,"3":4}}
}
