{"/home/ivan/Рабочий стол/Project2/frontend-project-46/src/genDiff.js": {"path":"/home/ivan/Рабочий стол/Project2/frontend-project-46/src/genDiff.js","statementMap":{"0":{"start":{"line":9,"column":28},"end":{"line":9,"column":79}},"1":{"start":{"line":9,"column":42},"end":{"line":9,"column":79}},"2":{"start":{"line":10,"column":17},"end":{"line":10,"column":65}},"3":{"start":{"line":10,"column":31},"end":{"line":10,"column":65}},"4":{"start":{"line":11,"column":18},"end":{"line":11,"column":54}},"5":{"start":{"line":11,"column":32},"end":{"line":11,"column":54}},"6":{"start":{"line":13,"column":16},"end":{"line":21,"column":1}},"7":{"start":{"line":14,"column":16},"end":{"line":14,"column":56}},"8":{"start":{"line":15,"column":16},"end":{"line":15,"column":56}},"9":{"start":{"line":17,"column":15},"end":{"line":17,"column":51}},"10":{"start":{"line":18,"column":15},"end":{"line":18,"column":51}},"11":{"start":{"line":20,"column":2},"end":{"line":20,"column":50}}},"fnMap":{"0":{"name":"(anonymous_0)","decl":{"start":{"line":9,"column":28},"end":{"line":9,"column":29}},"loc":{"start":{"line":9,"column":42},"end":{"line":9,"column":79}},"line":9},"1":{"name":"(anonymous_1)","decl":{"start":{"line":10,"column":17},"end":{"line":10,"column":18}},"loc":{"start":{"line":10,"column":31},"end":{"line":10,"column":65}},"line":10},"2":{"name":"(anonymous_2)","decl":{"start":{"line":11,"column":18},"end":{"line":11,"column":19}},"loc":{"start":{"line":11,"column":32},"end":{"line":11,"column":54}},"line":11},"3":{"name":"(anonymous_3)","decl":{"start":{"line":13,"column":16},"end":{"line":13,"column":17}},"loc":{"start":{"line":13,"column":66},"end":{"line":21,"column":1}},"line":13}},"branchMap":{"0":{"loc":{"start":{"line":13,"column":39},"end":{"line":13,"column":61}},"type":"default-arg","locations":[{"start":{"line":13,"column":52},"end":{"line":13,"column":61}}],"line":13}},"s":{"0":1,"1":16,"2":1,"3":16,"4":1,"5":16,"6":1,"7":8,"8":8,"9":8,"10":8,"11":8},"f":{"0":16,"1":16,"2":16,"3":8},"b":{"0":[4]},"_coverageSchema":"1a1c01bbd47fc00a2c39e90264f33305004495a9","hash":"1e69b7b6d12782e811f08474a65efb09c981873a"}
,"/home/ivan/Рабочий стол/Project2/frontend-project-46/src/parsers.js": {"path":"/home/ivan/Рабочий стол/Project2/frontend-project-46/src/parsers.js","statementMap":{"0":{"start":{"line":3,"column":16},"end":{"line":13,"column":1}},"1":{"start":{"line":4,"column":2},"end":{"line":12,"column":3}},"2":{"start":{"line":6,"column":6},"end":{"line":6,"column":30}},"3":{"start":{"line":9,"column":6},"end":{"line":9,"column":29}},"4":{"start":{"line":11,"column":6},"end":{"line":11,"column":46}}},"fnMap":{"0":{"name":"(anonymous_0)","decl":{"start":{"line":3,"column":16},"end":{"line":3,"column":17}},"loc":{"start":{"line":3,"column":40},"end":{"line":13,"column":1}},"line":3}},"branchMap":{"0":{"loc":{"start":{"line":4,"column":2},"end":{"line":12,"column":3}},"type":"switch","locations":[{"start":{"line":5,"column":4},"end":{"line":6,"column":30}},{"start":{"line":7,"column":4},"end":{"line":7,"column":16}},{"start":{"line":8,"column":4},"end":{"line":9,"column":29}},{"start":{"line":10,"column":4},"end":{"line":11,"column":46}}],"line":4}},"s":{"0":1,"1":16,"2":8,"3":8,"4":0},"f":{"0":16},"b":{"0":[8,2,8,0]},"_coverageSchema":"1a1c01bbd47fc00a2c39e90264f33305004495a9","hash":"031e84db206ecff283b9888e6172a18b637a4817"}
,"/home/ivan/Рабочий стол/Project2/frontend-project-46/src/formaters/diff.js": {"path":"/home/ivan/Рабочий стол/Project2/frontend-project-46/src/formaters/diff.js","statementMap":{"0":{"start":{"line":3,"column":13},"end":{"line":30,"column":1}},"1":{"start":{"line":4,"column":15},"end":{"line":4,"column":62}},"2":{"start":{"line":5,"column":21},"end":{"line":5,"column":35}},"3":{"start":{"line":7,"column":17},"end":{"line":27,"column":4}},"4":{"start":{"line":8,"column":4},"end":{"line":10,"column":5}},"5":{"start":{"line":9,"column":6},"end":{"line":9,"column":77}},"6":{"start":{"line":12,"column":4},"end":{"line":14,"column":5}},"7":{"start":{"line":13,"column":6},"end":{"line":13,"column":55}},"8":{"start":{"line":16,"column":4},"end":{"line":18,"column":5}},"9":{"start":{"line":17,"column":6},"end":{"line":17,"column":57}},"10":{"start":{"line":20,"column":4},"end":{"line":24,"column":5}},"11":{"start":{"line":21,"column":6},"end":{"line":23,"column":8}},"12":{"start":{"line":26,"column":4},"end":{"line":26,"column":57}},"13":{"start":{"line":29,"column":2},"end":{"line":29,"column":16}}},"fnMap":{"0":{"name":"(anonymous_0)","decl":{"start":{"line":3,"column":13},"end":{"line":3,"column":14}},"loc":{"start":{"line":3,"column":31},"end":{"line":30,"column":1}},"line":3},"1":{"name":"(anonymous_1)","decl":{"start":{"line":7,"column":32},"end":{"line":7,"column":33}},"loc":{"start":{"line":7,"column":41},"end":{"line":27,"column":3}},"line":7}},"branchMap":{"0":{"loc":{"start":{"line":8,"column":4},"end":{"line":10,"column":5}},"type":"if","locations":[{"start":{"line":8,"column":4},"end":{"line":10,"column":5}},{"start":{},"end":{}}],"line":8},"1":{"loc":{"start":{"line":8,"column":8},"end":{"line":8,"column":56}},"type":"binary-expr","locations":[{"start":{"line":8,"column":8},"end":{"line":8,"column":30}},{"start":{"line":8,"column":34},"end":{"line":8,"column":56}}],"line":8},"2":{"loc":{"start":{"line":12,"column":4},"end":{"line":14,"column":5}},"type":"if","locations":[{"start":{"line":12,"column":4},"end":{"line":14,"column":5}},{"start":{},"end":{}}],"line":12},"3":{"loc":{"start":{"line":16,"column":4},"end":{"line":18,"column":5}},"type":"if","locations":[{"start":{"line":16,"column":4},"end":{"line":18,"column":5}},{"start":{},"end":{}}],"line":16},"4":{"loc":{"start":{"line":20,"column":4},"end":{"line":24,"column":5}},"type":"if","locations":[{"start":{"line":20,"column":4},"end":{"line":24,"column":5}},{"start":{},"end":{}}],"line":20}},"s":{"0":1,"1":32,"2":32,"3":32,"4":118,"5":24,"6":94,"7":32,"8":62,"9":16,"10":46,"11":26,"12":20,"13":32},"f":{"0":32,"1":118},"b":{"0":[24,94],"1":[118,36],"2":[32,62],"3":[16,46],"4":[26,20]},"_coverageSchema":"1a1c01bbd47fc00a2c39e90264f33305004495a9","hash":"cdc0fee461d057ec76a45b12ca81bf1b499732a3"}
,"/home/ivan/Рабочий стол/Project2/frontend-project-46/src/formaters/index.js": {"path":"/home/ivan/Рабочий стол/Project2/frontend-project-46/src/formaters/index.js","statementMap":{"0":{"start":{"line":6,"column":2},"end":{"line":15,"column":3}},"1":{"start":{"line":8,"column":6},"end":{"line":8,"column":25}},"2":{"start":{"line":10,"column":6},"end":{"line":10,"column":30}},"3":{"start":{"line":12,"column":6},"end":{"line":12,"column":24}},"4":{"start":{"line":14,"column":6},"end":{"line":14,"column":41}}},"fnMap":{"0":{"name":"(anonymous_0)","decl":{"start":{"line":5,"column":15},"end":{"line":5,"column":16}},"loc":{"start":{"line":5,"column":33},"end":{"line":16,"column":1}},"line":5}},"branchMap":{"0":{"loc":{"start":{"line":6,"column":2},"end":{"line":15,"column":3}},"type":"switch","locations":[{"start":{"line":7,"column":4},"end":{"line":8,"column":25}},{"start":{"line":9,"column":4},"end":{"line":10,"column":30}},{"start":{"line":11,"column":4},"end":{"line":12,"column":24}},{"start":{"line":13,"column":4},"end":{"line":14,"column":41}}],"line":6}},"s":{"0":8,"1":2,"2":4,"3":2,"4":0},"f":{"0":8},"b":{"0":[2,4,2,0]},"_coverageSchema":"1a1c01bbd47fc00a2c39e90264f33305004495a9","hash":"3fef0cd5e23dbb216089186375e19bd5cbd6d2dc"}
,"/home/ivan/Рабочий стол/Project2/frontend-project-46/src/formaters/json.js": {"path":"/home/ivan/Рабочий стол/Project2/frontend-project-46/src/formaters/json.js","statementMap":{"0":{"start":{"line":1,"column":25},"end":{"line":1,"column":54}}},"fnMap":{"0":{"name":"(anonymous_0)","decl":{"start":{"line":1,"column":15},"end":{"line":1,"column":16}},"loc":{"start":{"line":1,"column":25},"end":{"line":1,"column":54}},"line":1}},"branchMap":{},"s":{"0":2},"f":{"0":2},"b":{},"_coverageSchema":"1a1c01bbd47fc00a2c39e90264f33305004495a9","hash":"214b4e7f5f1c6c8ff7a1d6a63f77606eb33df376"}
,"/home/ivan/Рабочий стол/Project2/frontend-project-46/src/formaters/plain.js": {"path":"/home/ivan/Рабочий стол/Project2/frontend-project-46/src/formaters/plain.js","statementMap":{"0":{"start":{"line":1,"column":20},"end":{"line":9,"column":1}},"1":{"start":{"line":2,"column":2},"end":{"line":4,"column":3}},"2":{"start":{"line":3,"column":4},"end":{"line":3,"column":29}},"3":{"start":{"line":5,"column":2},"end":{"line":7,"column":3}},"4":{"start":{"line":6,"column":4},"end":{"line":6,"column":24}},"5":{"start":{"line":8,"column":2},"end":{"line":8,"column":15}},"6":{"start":{"line":10,"column":20},"end":{"line":30,"column":1}},"7":{"start":{"line":11,"column":16},"end":{"line":27,"column":6}},"8":{"start":{"line":12,"column":22},"end":{"line":12,"column":47}},"9":{"start":{"line":14,"column":23},"end":{"line":14,"column":62}},"10":{"start":{"line":15,"column":6},"end":{"line":26,"column":7}},"11":{"start":{"line":17,"column":10},"end":{"line":17,"column":54}},"12":{"start":{"line":19,"column":10},"end":{"line":19,"column":54}},"13":{"start":{"line":21,"column":10},"end":{"line":21,"column":91}},"14":{"start":{"line":23,"column":10},"end":{"line":23,"column":119}},"15":{"start":{"line":25,"column":10},"end":{"line":25,"column":56}},"16":{"start":{"line":29,"column":2},"end":{"line":29,"column":26}},"17":{"start":{"line":31,"column":14},"end":{"line":31,"column":41}},"18":{"start":{"line":31,"column":24},"end":{"line":31,"column":41}}},"fnMap":{"0":{"name":"(anonymous_0)","decl":{"start":{"line":1,"column":20},"end":{"line":1,"column":21}},"loc":{"start":{"line":1,"column":31},"end":{"line":9,"column":1}},"line":1},"1":{"name":"(anonymous_1)","decl":{"start":{"line":10,"column":20},"end":{"line":10,"column":21}},"loc":{"start":{"line":10,"column":41},"end":{"line":30,"column":1}},"line":10},"2":{"name":"(anonymous_2)","decl":{"start":{"line":12,"column":12},"end":{"line":12,"column":13}},"loc":{"start":{"line":12,"column":22},"end":{"line":12,"column":47}},"line":12},"3":{"name":"(anonymous_3)","decl":{"start":{"line":13,"column":9},"end":{"line":13,"column":10}},"loc":{"start":{"line":13,"column":19},"end":{"line":27,"column":5}},"line":13},"4":{"name":"(anonymous_4)","decl":{"start":{"line":31,"column":14},"end":{"line":31,"column":15}},"loc":{"start":{"line":31,"column":24},"end":{"line":31,"column":41}},"line":31}},"branchMap":{"0":{"loc":{"start":{"line":2,"column":2},"end":{"line":4,"column":3}},"type":"if","locations":[{"start":{"line":2,"column":2},"end":{"line":4,"column":3}},{"start":{},"end":{}}],"line":2},"1":{"loc":{"start":{"line":2,"column":6},"end":{"line":2,"column":49}},"type":"binary-expr","locations":[{"start":{"line":2,"column":6},"end":{"line":2,"column":31}},{"start":{"line":2,"column":35},"end":{"line":2,"column":49}}],"line":2},"2":{"loc":{"start":{"line":5,"column":2},"end":{"line":7,"column":3}},"type":"if","locations":[{"start":{"line":5,"column":2},"end":{"line":7,"column":3}},{"start":{},"end":{}}],"line":5},"3":{"loc":{"start":{"line":10,"column":27},"end":{"line":10,"column":36}},"type":"default-arg","locations":[{"start":{"line":10,"column":34},"end":{"line":10,"column":36}}],"line":10},"4":{"loc":{"start":{"line":14,"column":23},"end":{"line":14,"column":62}},"type":"cond-expr","locations":[{"start":{"line":14,"column":30},"end":{"line":14,"column":51}},{"start":{"line":14,"column":54},"end":{"line":14,"column":62}}],"line":14},"5":{"loc":{"start":{"line":15,"column":6},"end":{"line":26,"column":7}},"type":"switch","locations":[{"start":{"line":16,"column":8},"end":{"line":17,"column":54}},{"start":{"line":18,"column":8},"end":{"line":19,"column":54}},{"start":{"line":20,"column":8},"end":{"line":21,"column":91}},{"start":{"line":22,"column":8},"end":{"line":23,"column":119}},{"start":{"line":24,"column":8},"end":{"line":25,"column":56}}],"line":15}},"s":{"0":1,"1":26,"2":6,"3":20,"4":14,"5":6,"6":1,"7":10,"8":36,"9":30,"10":30,"11":8,"12":4,"13":10,"14":8,"15":0,"16":10,"17":1,"18":2},"f":{"0":26,"1":10,"2":36,"3":30,"4":2},"b":{"0":[6,20],"1":[26,8],"2":[14,6],"3":[2],"4":[22,8],"5":[8,4,10,8,0]},"_coverageSchema":"1a1c01bbd47fc00a2c39e90264f33305004495a9","hash":"74e9d5f0626a1403edf8bc478d68260ab95bd3f2"}
,"/home/ivan/Рабочий стол/Project2/frontend-project-46/src/formaters/stylish.js": {"path":"/home/ivan/Рабочий стол/Project2/frontend-project-46/src/formaters/stylish.js","statementMap":{"0":{"start":{"line":1,"column":18},"end":{"line":8,"column":1}},"1":{"start":{"line":2,"column":19},"end":{"line":2,"column":23}},"2":{"start":{"line":3,"column":22},"end":{"line":3,"column":23}},"3":{"start":{"line":4,"column":21},"end":{"line":4,"column":40}},"4":{"start":{"line":5,"column":17},"end":{"line":5,"column":58}},"5":{"start":{"line":6,"column":24},"end":{"line":6,"column":65}},"6":{"start":{"line":7,"column":2},"end":{"line":7,"column":35}},"7":{"start":{"line":10,"column":18},"end":{"line":25,"column":1}},"8":{"start":{"line":11,"column":36},"end":{"line":11,"column":52}},"9":{"start":{"line":13,"column":2},"end":{"line":15,"column":3}},"10":{"start":{"line":14,"column":4},"end":{"line":14,"column":22}},"11":{"start":{"line":17,"column":16},"end":{"line":18,"column":73}},"12":{"start":{"line":18,"column":25},"end":{"line":18,"column":72}},"13":{"start":{"line":20,"column":2},"end":{"line":24,"column":15}},"14":{"start":{"line":27,"column":13},"end":{"line":54,"column":1}},"15":{"start":{"line":28,"column":36},"end":{"line":28,"column":55}},"16":{"start":{"line":30,"column":17},"end":{"line":47,"column":4}},"17":{"start":{"line":31,"column":33},"end":{"line":31,"column":37}},"18":{"start":{"line":32,"column":21},"end":{"line":32,"column":54}},"19":{"start":{"line":33,"column":21},"end":{"line":33,"column":54}},"20":{"start":{"line":35,"column":4},"end":{"line":46,"column":5}},"21":{"start":{"line":37,"column":8},"end":{"line":37,"column":70}},"22":{"start":{"line":39,"column":8},"end":{"line":39,"column":67}},"23":{"start":{"line":41,"column":8},"end":{"line":41,"column":67}},"24":{"start":{"line":43,"column":8},"end":{"line":43,"column":80}},"25":{"start":{"line":45,"column":8},"end":{"line":45,"column":67}},"26":{"start":{"line":49,"column":2},"end":{"line":53,"column":15}},"27":{"start":{"line":56,"column":16},"end":{"line":56,"column":54}},"28":{"start":{"line":56,"column":37},"end":{"line":56,"column":54}}},"fnMap":{"0":{"name":"(anonymous_0)","decl":{"start":{"line":1,"column":18},"end":{"line":1,"column":19}},"loc":{"start":{"line":1,"column":46},"end":{"line":8,"column":1}},"line":1},"1":{"name":"(anonymous_1)","decl":{"start":{"line":10,"column":18},"end":{"line":10,"column":19}},"loc":{"start":{"line":10,"column":36},"end":{"line":25,"column":1}},"line":10},"2":{"name":"(anonymous_2)","decl":{"start":{"line":18,"column":9},"end":{"line":18,"column":10}},"loc":{"start":{"line":18,"column":25},"end":{"line":18,"column":72}},"line":18},"3":{"name":"(anonymous_3)","decl":{"start":{"line":27,"column":13},"end":{"line":27,"column":14}},"loc":{"start":{"line":27,"column":30},"end":{"line":54,"column":1}},"line":27},"4":{"name":"(anonymous_4)","decl":{"start":{"line":30,"column":26},"end":{"line":30,"column":27}},"loc":{"start":{"line":30,"column":36},"end":{"line":47,"column":3}},"line":30},"5":{"name":"(anonymous_5)","decl":{"start":{"line":56,"column":16},"end":{"line":56,"column":17}},"loc":{"start":{"line":56,"column":37},"end":{"line":56,"column":54}},"line":56}},"branchMap":{"0":{"loc":{"start":{"line":1,"column":26},"end":{"line":1,"column":41}},"type":"default-arg","locations":[{"start":{"line":1,"column":40},"end":{"line":1,"column":41}}],"line":1},"1":{"loc":{"start":{"line":13,"column":2},"end":{"line":15,"column":3}},"type":"if","locations":[{"start":{"line":13,"column":2},"end":{"line":15,"column":3}},{"start":{},"end":{}}],"line":13},"2":{"loc":{"start":{"line":13,"column":6},"end":{"line":13,"column":49}},"type":"binary-expr","locations":[{"start":{"line":13,"column":6},"end":{"line":13,"column":31}},{"start":{"line":13,"column":35},"end":{"line":13,"column":49}}],"line":13},"3":{"loc":{"start":{"line":35,"column":4},"end":{"line":46,"column":5}},"type":"switch","locations":[{"start":{"line":36,"column":6},"end":{"line":37,"column":70}},{"start":{"line":38,"column":6},"end":{"line":39,"column":67}},{"start":{"line":40,"column":6},"end":{"line":41,"column":67}},{"start":{"line":42,"column":6},"end":{"line":43,"column":80}},{"start":{"line":44,"column":6},"end":{"line":45,"column":67}}],"line":35},"4":{"loc":{"start":{"line":56,"column":23},"end":{"line":56,"column":32}},"type":"default-arg","locations":[{"start":{"line":56,"column":31},"end":{"line":56,"column":32}}],"line":56}},"s":{"0":1,"1":150,"2":150,"3":150,"4":150,"5":150,"6":150,"7":1,"8":138,"9":138,"10":124,"11":14,"12":18,"13":14,"14":1,"15":12,"16":12,"17":46,"18":46,"19":46,"20":46,"21":8,"22":8,"23":12,"24":10,"25":8,"26":12,"27":1,"28":4},"f":{"0":150,"1":138,"2":18,"3":12,"4":46,"5":4},"b":{"0":[138],"1":[124,14],"2":[138,16],"3":[8,8,12,10,8],"4":[0]},"_coverageSchema":"1a1c01bbd47fc00a2c39e90264f33305004495a9","hash":"09b6cbec2ba5d6945b1237f77f5aa446d254fd7a"}
}
