TN:
SF:src/genDiff.js
FN:9,getAbsoluteFilePath
FN:10,readFile
FN:11,getFormat
FN:13,genDiff
FNF:4
FNH:4
FNDA:16,getAbsoluteFilePath
FNDA:16,readFile
FNDA:16,getFormat
FNDA:8,genDiff
DA:1,1
DA:2,1
DA:3,1
DA:4,1
DA:5,1
DA:6,1
DA:7,1
DA:8,1
DA:9,1
DA:10,1
DA:11,1
DA:12,1
DA:13,1
DA:14,8
DA:15,8
DA:16,8
DA:17,8
DA:18,8
DA:19,8
DA:20,8
DA:21,8
DA:22,1
DA:23,1
LF:23
LH:23
BRDA:9,0,0,16
BRDA:10,1,0,16
BRDA:11,2,0,16
BRDA:13,3,0,8
BRF:4
BRH:4
end_of_record
TN:
SF:src/parsers.js
FN:3,parsers
FNF:1
FNH:1
FNDA:16,parsers
DA:1,1
DA:2,1
DA:3,1
DA:4,16
DA:5,16
DA:6,8
DA:7,16
DA:8,16
DA:9,8
DA:10,16
DA:11,0
DA:12,16
DA:13,16
DA:14,1
DA:15,1
LF:15
LH:14
BRDA:3,0,0,16
BRDA:5,1,0,8
BRDA:7,2,0,2
BRDA:8,3,0,8
BRDA:10,4,0,0
BRF:5
BRH:4
end_of_record
TN:
SF:src/formaters/diff.js
FN:3,diff
FNF:1
FNH:1
FNDA:32,diff
DA:1,1
DA:2,1
DA:3,1
DA:4,32
DA:5,32
DA:6,32
DA:7,32
DA:8,118
DA:9,24
DA:10,24
DA:11,94
DA:12,118
DA:13,32
DA:14,32
DA:15,62
DA:16,118
DA:17,16
DA:18,16
DA:19,46
DA:20,118
DA:21,26
DA:22,26
DA:23,26
DA:24,26
DA:25,20
DA:26,20
DA:27,32
DA:28,32
DA:29,32
DA:30,32
DA:31,1
DA:32,1
LF:32
LH:32
BRDA:3,0,0,32
BRDA:7,1,0,118
BRDA:8,2,0,36
BRDA:8,3,0,24
BRDA:10,4,0,94
BRDA:12,5,0,32
BRDA:14,6,0,62
BRDA:16,7,0,16
BRDA:18,8,0,46
BRDA:20,9,0,26
BRDA:24,10,0,20
BRF:11
BRH:11
end_of_record
TN:
SF:src/formaters/index.js
FN:5,default
FNF:1
FNH:1
FNDA:8,default
DA:1,1
DA:2,1
DA:3,1
DA:4,1
DA:5,1
DA:6,8
DA:7,8
DA:8,2
DA:9,8
DA:10,4
DA:11,8
DA:12,2
DA:13,8
DA:14,0
DA:15,8
DA:16,8
LF:16
LH:15
BRDA:5,0,0,8
BRDA:7,1,0,2
BRDA:9,2,0,4
BRDA:11,3,0,2
BRDA:13,4,0,0
BRF:5
BRH:4
end_of_record
TN:
SF:src/formaters/json.js
FN:1,default
FNF:1
FNH:1
FNDA:2,default
DA:1,1
LF:1
LH:1
BRDA:1,0,0,2
BRF:1
BRH:1
end_of_record
TN:
SF:src/formaters/plain.js
FN:1,formatValue
FN:10,renderPlain
FN:31,plain
FNF:3
FNH:3
FNDA:26,formatValue
FNDA:10,renderPlain
FNDA:2,plain
DA:1,1
DA:2,26
DA:3,6
DA:4,6
DA:5,26
DA:6,14
DA:7,14
DA:8,6
DA:9,6
DA:10,1
DA:11,10
DA:12,10
DA:13,10
DA:14,30
DA:15,30
DA:16,30
DA:17,8
DA:18,30
DA:19,4
DA:20,30
DA:21,10
DA:22,30
DA:23,8
DA:24,30
DA:25,0
DA:26,30
DA:27,10
DA:28,10
DA:29,10
DA:30,10
DA:31,1
DA:32,1
DA:33,1
LF:33
LH:32
BRDA:1,0,0,26
BRDA:2,1,0,8
BRDA:2,2,0,6
BRDA:4,3,0,20
BRDA:5,4,0,14
BRDA:7,5,0,6
BRDA:10,6,0,10
BRDA:12,7,0,36
BRDA:13,8,0,30
BRDA:14,9,0,22
BRDA:14,10,0,8
BRDA:16,11,0,8
BRDA:18,12,0,4
BRDA:20,13,0,10
BRDA:22,14,0,8
BRDA:24,15,0,0
BRDA:31,16,0,2
BRF:17
BRH:16
end_of_record
TN:
SF:src/formaters/stylish.js
FN:1,getIndent
FN:10,stringify
FN:27,iter
FN:56,stylish
FNF:4
FNH:4
FNDA:150,getIndent
FNDA:138,stringify
FNDA:12,iter
FNDA:4,stylish
DA:1,1
DA:2,150
DA:3,150
DA:4,150
DA:5,150
DA:6,150
DA:7,150
DA:8,150
DA:9,1
DA:10,1
DA:11,138
DA:12,138
DA:13,138
DA:14,124
DA:15,124
DA:16,14
DA:17,14
DA:18,14
DA:19,14
DA:20,14
DA:21,14
DA:22,14
DA:23,14
DA:24,14
DA:25,14
DA:26,1
DA:27,1
DA:28,12
DA:29,12
DA:30,12
DA:31,46
DA:32,46
DA:33,46
DA:34,46
DA:35,46
DA:36,46
DA:37,8
DA:38,46
DA:39,8
DA:40,46
DA:41,12
DA:42,46
DA:43,10
DA:44,46
DA:45,8
DA:46,46
DA:47,12
DA:48,12
DA:49,12
DA:50,12
DA:51,12
DA:52,12
DA:53,12
DA:54,12
DA:55,1
DA:56,1
DA:57,1
DA:58,1
LF:58
LH:58
BRDA:1,0,0,150
BRDA:10,1,0,138
BRDA:13,2,0,16
BRDA:13,3,0,124
BRDA:15,4,0,14
BRDA:18,5,0,18
BRDA:27,6,0,12
BRDA:30,7,0,46
BRDA:36,8,0,8
BRDA:38,9,0,8
BRDA:40,10,0,12
BRDA:42,11,0,10
BRDA:44,12,0,8
BRDA:56,13,0,4
BRF:14
BRH:14
end_of_record
