TN:
SF:src/genDiff.js
FN:9,(anonymous_0)
FN:10,(anonymous_1)
FN:11,(anonymous_2)
FN:13,(anonymous_3)
FNF:4
FNH:4
FNDA:16,(anonymous_0)
FNDA:16,(anonymous_1)
FNDA:16,(anonymous_2)
FNDA:8,(anonymous_3)
DA:9,16
DA:10,16
DA:11,16
DA:13,1
DA:14,8
DA:15,8
DA:17,8
DA:18,8
DA:20,8
LF:9
LH:9
BRDA:13,0,0,4
BRF:1
BRH:1
end_of_record
TN:
SF:src/parsers.js
FN:3,(anonymous_0)
FNF:1
FNH:1
FNDA:16,(anonymous_0)
DA:3,1
DA:4,16
DA:6,8
DA:9,8
DA:11,0
LF:5
LH:4
BRDA:4,0,0,8
BRDA:4,0,1,2
BRDA:4,0,2,8
BRDA:4,0,3,0
BRF:4
BRH:3
end_of_record
TN:
SF:src/formaters/diff.js
FN:3,(anonymous_0)
FN:7,(anonymous_1)
FNF:2
FNH:2
FNDA:32,(anonymous_0)
FNDA:118,(anonymous_1)
DA:3,1
DA:4,32
DA:5,32
DA:7,32
DA:8,118
DA:9,24
DA:12,94
DA:13,32
DA:16,62
DA:17,16
DA:20,46
DA:21,26
DA:26,20
DA:29,32
LF:14
LH:14
BRDA:8,0,0,24
BRDA:8,0,1,94
BRDA:8,1,0,118
BRDA:8,1,1,36
BRDA:12,2,0,32
BRDA:12,2,1,62
BRDA:16,3,0,16
BRDA:16,3,1,46
BRDA:20,4,0,26
BRDA:20,4,1,20
BRF:10
BRH:10
end_of_record
TN:
SF:src/formaters/index.js
FN:5,(anonymous_0)
FNF:1
FNH:1
FNDA:8,(anonymous_0)
DA:6,8
DA:8,2
DA:10,4
DA:12,2
DA:14,0
LF:5
LH:4
BRDA:6,0,0,2
BRDA:6,0,1,4
BRDA:6,0,2,2
BRDA:6,0,3,0
BRF:4
BRH:3
end_of_record
TN:
SF:src/formaters/json.js
FN:1,(anonymous_0)
FNF:1
FNH:1
FNDA:2,(anonymous_0)
DA:1,2
LF:1
LH:1
BRF:0
BRH:0
end_of_record
TN:
SF:src/formaters/plain.js
FN:1,(anonymous_0)
FN:10,(anonymous_1)
FN:12,(anonymous_2)
FN:13,(anonymous_3)
FN:31,(anonymous_4)
FNF:5
FNH:5
FNDA:26,(anonymous_0)
FNDA:10,(anonymous_1)
FNDA:36,(anonymous_2)
FNDA:30,(anonymous_3)
FNDA:2,(anonymous_4)
DA:1,1
DA:2,26
DA:3,6
DA:5,20
DA:6,14
DA:8,6
DA:10,1
DA:11,10
DA:12,36
DA:14,30
DA:15,30
DA:17,8
DA:19,4
DA:21,10
DA:23,8
DA:25,0
DA:29,10
DA:31,2
LF:18
LH:17
BRDA:2,0,0,6
BRDA:2,0,1,20
BRDA:2,1,0,26
BRDA:2,1,1,8
BRDA:5,2,0,14
BRDA:5,2,1,6
BRDA:10,3,0,2
BRDA:14,4,0,22
BRDA:14,4,1,8
BRDA:15,5,0,8
BRDA:15,5,1,4
BRDA:15,5,2,10
BRDA:15,5,3,8
BRDA:15,5,4,0
BRF:14
BRH:13
end_of_record
TN:
SF:src/formaters/stylish.js
FN:1,(anonymous_0)
FN:10,(anonymous_1)
FN:18,(anonymous_2)
FN:27,(anonymous_3)
FN:30,(anonymous_4)
FN:56,(anonymous_5)
FNF:6
FNH:6
FNDA:150,(anonymous_0)
FNDA:138,(anonymous_1)
FNDA:18,(anonymous_2)
FNDA:12,(anonymous_3)
FNDA:46,(anonymous_4)
FNDA:4,(anonymous_5)
DA:1,1
DA:2,150
DA:3,150
DA:4,150
DA:5,150
DA:6,150
DA:7,150
DA:10,1
DA:11,138
DA:13,138
DA:14,124
DA:17,14
DA:18,18
DA:20,14
DA:27,1
DA:28,12
DA:30,12
DA:31,46
DA:32,46
DA:33,46
DA:35,46
DA:37,8
DA:39,8
DA:41,12
DA:43,10
DA:45,8
DA:49,12
DA:56,4
LF:28
LH:28
BRDA:1,0,0,138
BRDA:13,1,0,124
BRDA:13,1,1,14
BRDA:13,2,0,138
BRDA:13,2,1,16
BRDA:35,3,0,8
BRDA:35,3,1,8
BRDA:35,3,2,12
BRDA:35,3,3,10
BRDA:35,3,4,8
BRDA:56,4,0,0
BRF:11
BRH:10
end_of_record
